0 info it worked if it ends with ok
1 verbose cli [ '/usr/local/Cellar/node/7.5.0/bin/node',
1 verbose cli   '/usr/local/bin/npm',
1 verbose cli   'run',
1 verbose cli   'lint' ]
2 info using npm@4.1.2
3 info using node@v7.5.0
4 verbose run-script [ 'prelint', 'lint', 'postlint' ]
5 info lifecycle rethinkdb-webui@2.0.0~prelint: rethinkdb-webui@2.0.0
6 silly lifecycle rethinkdb-webui@2.0.0~prelint: no script for prelint, continuing
7 info lifecycle rethinkdb-webui@2.0.0~lint: rethinkdb-webui@2.0.0
8 verbose lifecycle rethinkdb-webui@2.0.0~lint: unsafe-perm in lifecycle true
9 verbose lifecycle rethinkdb-webui@2.0.0~lint: PATH: /usr/local/lib/node_modules/npm/bin/node-gyp-bin:/Users/kvz/code/rethinkdb/admin/node_modules/.bin:/Users/kvz/.nix-profile/bin:/Users/kvz/.nix-profile/sbin:/Users/kvz/google-cloud-sdk/bin:/usr/local/bin:/usr/local/sbin:/Users/kvz/bin:/usr/local/heroku/bin:/usr/local/bin:/usr/bin:/bin:/usr/sbin:/sbin:/opt/X11/bin:/usr/local/go/bin:/usr/texbin:/usr/local/share/npm/bin
10 verbose lifecycle rethinkdb-webui@2.0.0~lint: CWD: /Users/kvz/code/rethinkdb/admin
11 silly lifecycle rethinkdb-webui@2.0.0~lint: Args: [ '-c', 'eslint .' ]
12 silly lifecycle rethinkdb-webui@2.0.0~lint: Returned: code: 1  signal: null
13 info lifecycle rethinkdb-webui@2.0.0~lint: Failed to exec lint script
14 verbose stack Error: rethinkdb-webui@2.0.0 lint: `eslint .`
14 verbose stack Exit status 1
14 verbose stack     at EventEmitter.<anonymous> (/usr/local/lib/node_modules/npm/lib/utils/lifecycle.js:279:16)
14 verbose stack     at emitTwo (events.js:106:13)
14 verbose stack     at EventEmitter.emit (events.js:192:7)
14 verbose stack     at ChildProcess.<anonymous> (/usr/local/lib/node_modules/npm/lib/utils/spawn.js:40:14)
14 verbose stack     at emitTwo (events.js:106:13)
14 verbose stack     at ChildProcess.emit (events.js:192:7)
14 verbose stack     at maybeClose (internal/child_process.js:890:16)
14 verbose stack     at Process.ChildProcess._handle.onexit (internal/child_process.js:226:5)
15 verbose pkgid rethinkdb-webui@2.0.0
16 verbose cwd /Users/kvz/code/rethinkdb/admin
17 error Darwin 16.4.0
18 error argv "/usr/local/Cellar/node/7.5.0/bin/node" "/usr/local/bin/npm" "run" "lint"
19 error node v7.5.0
20 error npm  v4.1.2
21 error code ELIFECYCLE
22 error rethinkdb-webui@2.0.0 lint: `eslint .`
22 error Exit status 1
23 error Failed at the rethinkdb-webui@2.0.0 lint script 'eslint .'.
23 error Make sure you have the latest version of node.js and npm installed.
23 error If you do, this is most likely a problem with the rethinkdb-webui package,
23 error not with npm itself.
23 error Tell the author that this fails on your system:
23 error     eslint .
23 error You can get information on how to open an issue for this project with:
23 error     npm bugs rethinkdb-webui
23 error Or if that isn't available, you can get their info via:
23 error     npm owner ls rethinkdb-webui
23 error There is likely additional logging output above.
24 verbose exit [ 1, true ]
